0 info it worked if it ends with ok
1 verbose cli [ '/Users/samuca/.nvm/versions/node/v6.8.0/bin/node',
1 verbose cli   '/Users/samuca/.nvm/versions/node/v6.8.0/bin/npm',
1 verbose cli   'run',
1 verbose cli   'build:prod' ]
2 info using npm@3.10.8
3 info using node@v6.8.0
4 verbose run-script [ 'prebuild:prod', 'build:prod', 'postbuild:prod' ]
5 info lifecycle under-the-sea@1.0.0~prebuild:prod: under-the-sea@1.0.0
6 silly lifecycle under-the-sea@1.0.0~prebuild:prod: no script for prebuild:prod, continuing
7 info lifecycle under-the-sea@1.0.0~build:prod: under-the-sea@1.0.0
8 verbose lifecycle under-the-sea@1.0.0~build:prod: unsafe-perm in lifecycle true
9 verbose lifecycle under-the-sea@1.0.0~build:prod: PATH: /Users/samuca/.nvm/versions/node/v6.8.0/lib/node_modules/npm/bin/node-gyp-bin:/Users/samuca/Dropbox/super-under-the-sea-racing/gg2020/node_modules/.bin:/Users/samuca/.nvm/versions/node/v6.8.0/bin:/usr/local/bin:/usr/bin:/bin:/usr/sbin:/sbin
10 verbose lifecycle under-the-sea@1.0.0~build:prod: CWD: /Users/samuca/Dropbox/super-under-the-sea-racing/gg2020
11 silly lifecycle under-the-sea@1.0.0~build:prod: Args: [ '-c', 'webpack --env prod --mode production' ]
12 silly lifecycle under-the-sea@1.0.0~build:prod: Returned: code: 2  signal: null
13 info lifecycle under-the-sea@1.0.0~build:prod: Failed to exec build:prod script
14 verbose stack Error: under-the-sea@1.0.0 build:prod: `webpack --env prod --mode production`
14 verbose stack Exit status 2
14 verbose stack     at EventEmitter.<anonymous> (/Users/samuca/.nvm/versions/node/v6.8.0/lib/node_modules/npm/lib/utils/lifecycle.js:255:16)
14 verbose stack     at emitTwo (events.js:106:13)
14 verbose stack     at EventEmitter.emit (events.js:191:7)
14 verbose stack     at ChildProcess.<anonymous> (/Users/samuca/.nvm/versions/node/v6.8.0/lib/node_modules/npm/lib/utils/spawn.js:40:14)
14 verbose stack     at emitTwo (events.js:106:13)
14 verbose stack     at ChildProcess.emit (events.js:191:7)
14 verbose stack     at maybeClose (internal/child_process.js:877:16)
14 verbose stack     at Process.ChildProcess._handle.onexit (internal/child_process.js:226:5)
15 verbose pkgid under-the-sea@1.0.0
16 verbose cwd /Users/samuca/Dropbox/super-under-the-sea-racing/gg2020
17 error Darwin 19.2.0
18 error argv "/Users/samuca/.nvm/versions/node/v6.8.0/bin/node" "/Users/samuca/.nvm/versions/node/v6.8.0/bin/npm" "run" "build:prod"
19 error node v6.8.0
20 error npm  v3.10.8
21 error code ELIFECYCLE
22 error under-the-sea@1.0.0 build:prod: `webpack --env prod --mode production`
22 error Exit status 2
23 error Failed at the under-the-sea@1.0.0 build:prod script 'webpack --env prod --mode production'.
23 error Make sure you have the latest version of node.js and npm installed.
23 error If you do, this is most likely a problem with the under-the-sea package,
23 error not with npm itself.
23 error Tell the author that this fails on your system:
23 error     webpack --env prod --mode production
23 error You can get information on how to open an issue for this project with:
23 error     npm bugs under-the-sea
23 error Or if that isn't available, you can get their info via:
23 error     npm owner ls under-the-sea
23 error There is likely additional logging output above.
24 verbose exit [ 1, true ]
